<?xml version="1.0" encoding="UTF-8"?>
<!-- Generated by org.testng.reporters.JUnitReportReporter -->
<testsuite hostname="LIN-5XT5VQ3" failures="0" tests="1" name="com.cg.VVAutomationTest.TestNg.CRMLogin" time="0.000" errors="0" timestamp="2024-03-04T17:52:50 IST" skipped="1">
  <testcase classname="com.cg.VVAutomationTest.TestNg.CRMLogin" name="checkTitle" time="0.000">
    <skipped/>
  </testcase> <!-- checkTitle -->
</testsuite> <!-- com.cg.VVAutomationTest.TestNg.CRMLogin -->
