<?xml version="1.0" encoding="UTF-8"?>
<!-- Generated by org.testng.reporters.JUnitReportReporter -->
<testsuite hostname="LIN-5XT5VQ3" failures="0" tests="3" name="DataProvider.DataProviderDemo1" time="0.000" errors="0" timestamp="2024-03-04T17:52:50 IST" skipped="3">
  <testcase classname="DataProvider.DataProviderDemo1" name="myTest" time="0.000">
    <skipped/>
  </testcase> <!-- myTest -->
  <testcase classname="DataProvider.DataProviderDemo1" name="myTest" time="0.000">
    <skipped/>
  </testcase> <!-- myTest -->
  <testcase classname="DataProvider.DataProviderDemo1" name="myTest" time="0.000">
    <skipped/>
  </testcase> <!-- myTest -->
</testsuite> <!-- DataProvider.DataProviderDemo1 -->
