<?xml version="1.0" encoding="UTF-8"?>
<!-- Generated by org.testng.reporters.JUnitReportReporter -->
<testsuite hostname="LIN-5XT5VQ3" failures="0" tests="1" name="Parameters.Substraction" time="0.001" errors="0" timestamp="2024-03-04T15:49:08 IST" skipped="0">
  <testcase classname="Parameters.Substraction" name="sum" time="0.001"/>
</testsuite> <!-- Parameters.Substraction -->
