<?xml version="1.0" encoding="UTF-8"?>
<!-- Generated by org.testng.reporters.JUnitReportReporter -->
<testsuite hostname="LIN-5XT5VQ3" failures="0" tests="6" name="com.cg.priorityDemo.FilghBookingDemo" time="0.001" errors="0" timestamp="2024-03-04T17:52:50 IST" skipped="6">
  <testcase classname="com.cg.priorityDemo.FilghBookingDemo" name="signup" time="0.000">
    <skipped/>
  </testcase> <!-- signup -->
  <testcase classname="com.cg.priorityDemo.FilghBookingDemo" name="LogIn" time="0.000">
    <skipped/>
  </testcase> <!-- LogIn -->
  <testcase classname="com.cg.priorityDemo.FilghBookingDemo" name="SearchForTheFlight" time="0.001">
    <skipped/>
  </testcase> <!-- SearchForTheFlight -->
  <testcase classname="com.cg.priorityDemo.FilghBookingDemo" name="BookTheFlight" time="0.000">
    <skipped/>
  </testcase> <!-- BookTheFlight -->
  <testcase classname="com.cg.priorityDemo.FilghBookingDemo" name="SaveTheTicket" time="0.000">
    <skipped/>
  </testcase> <!-- SaveTheTicket -->
  <testcase classname="com.cg.priorityDemo.FilghBookingDemo" name="LogOut" time="0.000">
    <skipped/>
  </testcase> <!-- LogOut -->
</testsuite> <!-- com.cg.priorityDemo.FilghBookingDemo -->
