<?xml version="1.0" encoding="UTF-8"?>
<!-- Generated by org.testng.reporters.JUnitReportReporter -->
<testsuite hostname="LIN-5XT5VQ3" failures="0" tests="3" name="DataProvider.Dependent" time="0.000" errors="0" timestamp="2024-03-04T17:52:50 IST" skipped="3">
  <testcase classname="DataProvider.Dependent" name="LogOut" time="0.000">
    <skipped/>
  </testcase> <!-- LogOut -->
  <testcase classname="DataProvider.Dependent" name="Sigin" time="0.000">
    <skipped/>
  </testcase> <!-- Sigin -->
  <testcase classname="DataProvider.Dependent" name="OpenBrwoser" time="0.000">
    <skipped/>
  </testcase> <!-- OpenBrwoser -->
</testsuite> <!-- DataProvider.Dependent -->
