<?xml version="1.0" encoding="UTF-8"?>
<!-- Generated by org.testng.reporters.JUnitReportReporter -->
<testsuite hostname="LIN-5XT5VQ3" failures="0" tests="1" name="Parameters.Multiple" time="0.008" errors="0" timestamp="2024-03-04T15:49:08 IST" skipped="0">
  <testcase classname="Parameters.Multiple" name="sum" time="0.008"/>
</testsuite> <!-- Parameters.Multiple -->
