<?xml version="1.0" encoding="UTF-8"?>
<!-- Generated by org.testng.reporters.JUnitReportReporter -->
<testsuite hostname="LIN-5XT5VQ3" failures="0" tests="2" name="DataProvider.DPDemo1" time="0.000" errors="0" timestamp="2024-03-04T17:52:50 IST" skipped="2">
  <testcase classname="DataProvider.DPDemo1" name="TestDp" time="0.000">
    <skipped/>
  </testcase> <!-- TestDp -->
  <testcase classname="DataProvider.DPDemo1" name="TestDp" time="0.000">
    <skipped/>
  </testcase> <!-- TestDp -->
</testsuite> <!-- DataProvider.DPDemo1 -->
