<?xml version="1.0" encoding="UTF-8"?>
<!-- Generated by org.testng.reporters.JUnitReportReporter -->
<testsuite hostname="LIN-5XT5VQ3" failures="0" tests="2" name="com.cg.VVAutomationTest.TestNg.AnnotationsDemo" time="0.000" errors="0" timestamp="2024-03-04T17:52:50 IST" skipped="2">
  <testcase classname="com.cg.VVAutomationTest.TestNg.AnnotationsDemo" name="testMethod2" time="0.000">
    <skipped/>
  </testcase> <!-- testMethod2 -->
  <testcase classname="com.cg.VVAutomationTest.TestNg.AnnotationsDemo" name="testMethod1" time="0.000">
    <skipped/>
  </testcase> <!-- testMethod1 -->
</testsuite> <!-- com.cg.VVAutomationTest.TestNg.AnnotationsDemo -->
