<?xml version="1.0" encoding="UTF-8"?>
<!-- Generated by org.testng.reporters.JUnitReportReporter -->
<testsuite hostname="LIN-5XT5VQ3" failures="0" tests="1" name="SeleniumDemos.PomTest" time="11.976" errors="0" timestamp="2024-03-05T15:44:41 IST" skipped="0">
  <testcase classname="SeleniumDemos.PomTest" name="crmLogin" time="11.976"/>
</testsuite> <!-- SeleniumDemos.PomTest -->
