<?xml version="1.0" encoding="UTF-8"?>
<!-- Generated by org.testng.reporters.JUnitReportReporter -->
<testsuite hostname="LIN-5XT5VQ3" failures="0" tests="2" name="com.cg.extentreport.ExtentReportDemo1" time="5.809" errors="0" timestamp="2024-03-07T10:08:29 IST" skipped="0">
  <testcase classname="com.cg.extentreport.ExtentReportDemo1" name="OpenGoogle" time="3.118"/>
  <testcase classname="com.cg.extentreport.ExtentReportDemo1" name="OpenFaceBook" time="2.691"/>
</testsuite> <!-- com.cg.extentreport.ExtentReportDemo1 -->
