<?xml version="1.0" encoding="UTF-8"?>
<!-- Generated by org.testng.reporters.JUnitReportReporter -->
<testsuite hostname="LIN-5XT5VQ3" failures="0" tests="4" name="DataProvider.DPDemo" time="0.000" errors="0" timestamp="2024-03-04T17:52:50 IST" skipped="4">
  <testcase classname="DataProvider.DPDemo" name="TesdDp" time="0.000">
    <skipped/>
  </testcase> <!-- TesdDp -->
  <testcase classname="DataProvider.DPDemo" name="TesdDp" time="0.000">
    <skipped/>
  </testcase> <!-- TesdDp -->
  <testcase classname="DataProvider.DPDemo" name="TesdDp" time="0.000">
    <skipped/>
  </testcase> <!-- TesdDp -->
  <testcase classname="DataProvider.DPDemo" name="TesdDp" time="0.000">
    <skipped/>
  </testcase> <!-- TesdDp -->
</testsuite> <!-- DataProvider.DPDemo -->
