<?xml version="1.0" encoding="UTF-8"?>
<!-- Generated by org.testng.reporters.JUnitReportReporter -->
<testsuite hostname="LIN-5XT5VQ3" failures="0" tests="1" name="com.cg.extentreport.ExtentReportDemo2" time="10.432" errors="0" timestamp="2024-03-07T10:07:35 IST" skipped="0">
  <testcase classname="com.cg.extentreport.ExtentReportDemo2" name="FreeCRM" time="10.432"/>
</testsuite> <!-- com.cg.extentreport.ExtentReportDemo2 -->
